c:\users\administrator\onedrive\programming\project\mwcd\debug\vc142.pdb
c:\users\administrator\onedrive\programming\project\mwcd\debug\moc_mainwindow.obj
c:\users\administrator\onedrive\programming\project\mwcd\debug\main.obj
c:\users\administrator\onedrive\programming\project\mwcd\debug\ploter.obj
c:\users\administrator\onedrive\programming\project\mwcd\debug\mainwindow.obj
c:\users\administrator\onedrive\programming\project\mwcd\debug\moc_predefs.h
c:\users\administrator\onedrive\programming\project\mwcd\debug\moc_mainwindow.cpp
c:\users\administrator\onedrive\programming\project\mwcd\ui_mainwindow.h
c:\users\administrator\onedrive\programming\project\mwcd\debug\mwcd.tlog\cl.command.1.tlog
c:\users\administrator\onedrive\programming\project\mwcd\debug\mwcd.tlog\cl.read.1.tlog
c:\users\administrator\onedrive\programming\project\mwcd\debug\mwcd.tlog\cl.write.1.tlog
c:\users\administrator\onedrive\programming\project\mwcd\debug\mwcd.tlog\custombuild.command.1.tlog
c:\users\administrator\onedrive\programming\project\mwcd\debug\mwcd.tlog\custombuild.read.1.tlog
c:\users\administrator\onedrive\programming\project\mwcd\debug\mwcd.tlog\custombuild.write.1.tlog
c:\users\administrator\onedrive\programming\project\mwcd\debug\mwcd.tlog\link.command.1.tlog
c:\users\administrator\onedrive\programming\project\mwcd\debug\mwcd.tlog\link.read.1.tlog
c:\users\administrator\onedrive\programming\project\mwcd\debug\mwcd.tlog\link.write.1.tlog
c:\users\administrator\onedrive\programming\project\mwcd\debug\mwcd.tlog\moc.read.1u.tlog
c:\users\administrator\onedrive\programming\project\mwcd\debug\mwcd.tlog\moc.write.1u.tlog
c:\users\administrator\onedrive\programming\project\mwcd\debug\mwcd.tlog\mwcd.write.1u.tlog
c:\users\administrator\onedrive\programming\project\mwcd\debug\mwcd.tlog\uic.read.1u.tlog
c:\users\administrator\onedrive\programming\project\mwcd\debug\mwcd.tlog\uic.write.1u.tlog
